Tue Sep  1 10:46:01 2015 - *** Starting uWSGI 2.0.10 (64bit) on [Tue Sep  1 10:46:01 2015] ***
Tue Sep  1 10:46:01 2015 - compiled with version: 4.2.1 Compatible Apple LLVM 6.1.0 (clang-602.0.49) on 01 September 2015 10:40:33
Tue Sep  1 10:46:01 2015 - os: Darwin-14.3.0 Darwin Kernel Version 14.3.0: Mon Mar 23 11:59:05 PDT 2015; root:xnu-2782.20.48~5/RELEASE_X86_64
Tue Sep  1 10:46:01 2015 - nodename: gao7testdeMac-mini.local
Tue Sep  1 10:46:01 2015 - machine: x86_64
Tue Sep  1 10:46:01 2015 - clock source: unix
Tue Sep  1 10:46:01 2015 - pcre jit disabled
Tue Sep  1 10:46:01 2015 - detected number of CPU cores: 4
Tue Sep  1 10:46:01 2015 - current working directory: /Users/jenkins/workspace/G7Platform/G7Platform
Tue Sep  1 10:46:01 2015 - writing pidfile to /Users/jenkins/workspace/G7Platform/G7Platform/workspace/profile/nginx/pid/nginx.pid
Tue Sep  1 10:46:01 2015 - detected binary path: /usr/local/bin/uwsgi
Tue Sep  1 10:46:01 2015 - chdir() to /Users/jenkins/workspace/G7Platform/G7Platform/G7Platform/main/g7admin
Tue Sep  1 10:46:01 2015 - your processes number limit is 709
Tue Sep  1 10:46:01 2015 - limiting address space of processes...
Tue Sep  1 10:46:01 2015 - your process address space limit is 314572800 bytes (300 MB)
Tue Sep  1 10:46:01 2015 - your memory page size is 4096 bytes
Tue Sep  1 10:46:01 2015 - detected max file descriptor number: 256
Tue Sep  1 10:46:01 2015 - lock engine: OSX spinlocks
Tue Sep  1 10:46:01 2015 - thunder lock: disabled (you can enable it with --thunder-lock)
Tue Sep  1 10:46:01 2015 - uwsgi socket 0 bound to TCP address 127.0.0.1:8882 fd 3
Tue Sep  1 10:46:01 2015 - Python version: 3.4.3 (v3.4.3:9b73f1c3e601, Feb 23 2015, 02:52:03)  [GCC 4.2.1 (Apple Inc. build 5666) (dot 3)]
Tue Sep  1 10:46:01 2015 - Python main interpreter initialized at 0x7fe1f8504ba0
Tue Sep  1 10:46:01 2015 - python threads support enabled
Tue Sep  1 10:46:01 2015 - your server socket listen backlog is limited to 80 connections
Tue Sep  1 10:46:01 2015 - your mercy for graceful operations on workers is 60 seconds
Tue Sep  1 10:46:01 2015 - mapped 654840 bytes (639 KB) for 8 cores
Tue Sep  1 10:46:01 2015 - *** Operational MODE: preforking ***
Tue Sep  1 10:46:01 2015 - added /Users/jenkins/workspace/G7Platform/G7Platform/ to pythonpath.
Tue Sep  1 10:46:01 2015 - added /Users/jenkins/workspace/G7Platform/G7Platform/G7Platform/ to pythonpath.
Tue Sep  1 10:46:01 2015 - added /Users/jenkins/workspace/G7Platform/G7Platform/G7Platform/main/g7admin/ to pythonpath.
Tue Sep  1 10:46:01 2015 - added /Users/jenkins/workspace/G7Platform/G7Platform/G7Platform/main/g7admin/g7admin/ to pythonpath.
Tue Sep  1 10:46:02 2015 - WSGI app 0 (mountpoint='') ready in 1 seconds on interpreter 0x7fe1f8504ba0 pid: 36906 (default app)
Tue Sep  1 10:46:02 2015 - *** uWSGI is running in multiple interpreter mode ***
Tue Sep  1 10:46:02 2015 - spawned uWSGI master process (pid: 36906)
Tue Sep  1 10:46:02 2015 - spawned uWSGI worker 1 (pid: 36912, cores: 1)
Tue Sep  1 10:46:02 2015 - spawned uWSGI worker 2 (pid: 36913, cores: 1)
Tue Sep  1 10:46:02 2015 - spawned uWSGI worker 3 (pid: 36914, cores: 1)
Tue Sep  1 10:46:02 2015 - spawned uWSGI worker 4 (pid: 36915, cores: 1)
Tue Sep  1 10:46:02 2015 - spawned uWSGI worker 5 (pid: 36916, cores: 1)
Tue Sep  1 10:46:02 2015 - spawned uWSGI worker 6 (pid: 36917, cores: 1)
Tue Sep  1 10:46:02 2015 - spawned uWSGI worker 7 (pid: 36918, cores: 1)
Tue Sep  1 10:46:02 2015 - spawned uWSGI worker 8 (pid: 36919, cores: 1)
{address space usage: 2554531840 bytes/2436MB} {rss usage: 11788288 bytes/11MB} [pid: 36916|app: 0|req: 1/1] 192.168.205.100 () {38 vars in 744 bytes} [Tue Sep  1 10:46:30 2015] GET /admin => generated 0 bytes in 153 msecs (HTTP/1.1 301) 3 headers in 144 bytes (2 switches on core 0)
{address space usage: 2554793984 bytes/2436MB} {rss usage: 15114240 bytes/14MB} [pid: 36918|app: 0|req: 1/2] 192.168.205.100 () {38 vars in 746 bytes} [Tue Sep  1 10:46:30 2015] GET /admin/ => generated 0 bytes in 49 msecs (HTTP/1.1 302) 7 headers in 277 bytes (2 switches on core 0)
{address space usage: 2556366848 bytes/2437MB} {rss usage: 18948096 bytes/18MB} [pid: 36916|app: 0|req: 2/3] 192.168.205.100 () {38 vars in 783 bytes} [Tue Sep  1 10:46:31 2015] GET /admin/login/?next=/admin/ => generated 1917 bytes in 391 msecs (HTTP/1.1 200) 7 headers in 336 bytes (1 switches on core 0)
