2015-08-07 15:24:41,296 CRIT Supervisor running as root (no user in config file)
2015-08-07 15:24:41,299 INFO daemonizing the supervisord process
2015-08-07 15:24:41,300 INFO supervisord started with pid 11375
2015-08-07 15:24:42,304 INFO spawned: 'tornado-8894' with pid 11397
2015-08-07 15:24:42,306 INFO spawned: 'tornado-8893' with pid 11398
2015-08-07 15:24:42,308 INFO spawned: 'tornado-8892' with pid 11399
2015-08-07 15:24:42,311 INFO spawned: 'tornado-8891' with pid 11400
2015-08-07 15:24:42,929 INFO exited: tornado-8892 (exit status 1; not expected)
2015-08-07 15:24:42,934 INFO exited: tornado-8893 (exit status 1; not expected)
2015-08-07 15:24:42,934 INFO exited: tornado-8894 (exit status 1; not expected)
2015-08-07 15:24:42,935 INFO exited: tornado-8891 (exit status 1; not expected)
2015-08-07 15:24:43,938 INFO spawned: 'tornado-8894' with pid 11403
2015-08-07 15:24:43,940 INFO spawned: 'tornado-8893' with pid 11404
2015-08-07 15:24:43,943 INFO spawned: 'tornado-8892' with pid 11405
2015-08-07 15:24:43,945 INFO spawned: 'tornado-8891' with pid 11406
2015-08-07 15:24:44,549 INFO exited: tornado-8894 (exit status 1; not expected)
2015-08-07 15:24:44,550 INFO exited: tornado-8893 (exit status 1; not expected)
2015-08-07 15:24:44,556 INFO exited: tornado-8891 (exit status 1; not expected)
2015-08-07 15:24:44,558 INFO exited: tornado-8892 (exit status 1; not expected)
2015-08-07 15:24:46,563 INFO spawned: 'tornado-8894' with pid 11409
2015-08-07 15:24:46,566 INFO spawned: 'tornado-8893' with pid 11410
2015-08-07 15:24:46,568 INFO spawned: 'tornado-8892' with pid 11411
2015-08-07 15:24:46,570 INFO spawned: 'tornado-8891' with pid 11412
2015-08-07 15:24:47,280 INFO exited: tornado-8892 (exit status 1; not expected)
2015-08-07 15:24:47,289 INFO exited: tornado-8891 (exit status 1; not expected)
2015-08-07 15:24:47,292 INFO exited: tornado-8894 (exit status 1; not expected)
2015-08-07 15:24:47,311 INFO exited: tornado-8893 (exit status 1; not expected)
2015-08-07 15:24:50,314 INFO spawned: 'tornado-8894' with pid 11416
2015-08-07 15:24:50,317 INFO spawned: 'tornado-8893' with pid 11417
2015-08-07 15:24:50,319 INFO spawned: 'tornado-8892' with pid 11418
2015-08-07 15:24:50,322 INFO spawned: 'tornado-8891' with pid 11419
2015-08-07 15:24:50,916 INFO exited: tornado-8893 (exit status 1; not expected)
2015-08-07 15:24:50,916 INFO exited: tornado-8894 (exit status 1; not expected)
2015-08-07 15:24:50,916 INFO exited: tornado-8891 (exit status 1; not expected)
2015-08-07 15:24:50,919 INFO gave up: tornado-8894 entered FATAL state, too many start retries too quickly
2015-08-07 15:24:50,919 INFO gave up: tornado-8893 entered FATAL state, too many start retries too quickly
2015-08-07 15:24:50,919 INFO gave up: tornado-8891 entered FATAL state, too many start retries too quickly
2015-08-07 15:24:50,919 INFO exited: tornado-8892 (exit status 1; not expected)
2015-08-07 15:24:51,921 INFO gave up: tornado-8892 entered FATAL state, too many start retries too quickly
2015-08-07 15:26:26,477 CRIT Supervisor running as root (no user in config file)
2015-08-07 15:26:26,479 INFO daemonizing the supervisord process
2015-08-07 15:26:26,480 INFO supervisord started with pid 11550
2015-08-07 15:26:27,482 INFO spawned: 'tornado-8894' with pid 11572
2015-08-07 15:26:27,484 INFO spawned: 'tornado-8893' with pid 11573
2015-08-07 15:26:27,486 INFO spawned: 'tornado-8892' with pid 11574
2015-08-07 15:26:27,489 INFO spawned: 'tornado-8891' with pid 11575
2015-08-07 15:26:28,145 INFO exited: tornado-8894 (exit status 1; not expected)
2015-08-07 15:26:28,146 INFO exited: tornado-8893 (exit status 1; not expected)
2015-08-07 15:26:28,151 INFO exited: tornado-8892 (exit status 1; not expected)
2015-08-07 15:26:28,157 INFO exited: tornado-8891 (exit status 1; not expected)
2015-08-07 15:26:29,159 INFO spawned: 'tornado-8894' with pid 11578
2015-08-07 15:26:29,162 INFO spawned: 'tornado-8893' with pid 11579
2015-08-07 15:26:29,165 INFO spawned: 'tornado-8892' with pid 11580
2015-08-07 15:26:29,167 INFO spawned: 'tornado-8891' with pid 11581
2015-08-07 15:26:29,771 INFO exited: tornado-8894 (exit status 1; not expected)
2015-08-07 15:26:29,774 INFO exited: tornado-8893 (exit status 1; not expected)
2015-08-07 15:26:29,775 INFO exited: tornado-8891 (exit status 1; not expected)
2015-08-07 15:26:29,789 INFO exited: tornado-8892 (exit status 1; not expected)
2015-08-07 15:26:31,793 INFO spawned: 'tornado-8894' with pid 11584
2015-08-07 15:26:31,796 INFO spawned: 'tornado-8893' with pid 11585
2015-08-07 15:26:31,798 INFO spawned: 'tornado-8892' with pid 11586
2015-08-07 15:26:31,801 INFO spawned: 'tornado-8891' with pid 11587
2015-08-07 15:26:32,392 INFO exited: tornado-8891 (exit status 1; not expected)
2015-08-07 15:26:32,392 INFO exited: tornado-8894 (exit status 1; not expected)
2015-08-07 15:26:32,393 INFO exited: tornado-8893 (exit status 1; not expected)
2015-08-07 15:26:32,393 INFO exited: tornado-8892 (exit status 1; not expected)
2015-08-07 15:26:35,397 INFO spawned: 'tornado-8894' with pid 11589
2015-08-07 15:26:35,399 INFO spawned: 'tornado-8893' with pid 11590
2015-08-07 15:26:35,402 INFO spawned: 'tornado-8892' with pid 11591
2015-08-07 15:26:35,405 INFO spawned: 'tornado-8891' with pid 11592
2015-08-07 15:26:36,012 INFO exited: tornado-8893 (exit status 1; not expected)
2015-08-07 15:26:36,016 INFO gave up: tornado-8893 entered FATAL state, too many start retries too quickly
2015-08-07 15:26:36,016 INFO exited: tornado-8894 (exit status 1; not expected)
2015-08-07 15:26:36,020 INFO gave up: tornado-8894 entered FATAL state, too many start retries too quickly
2015-08-07 15:26:36,020 INFO exited: tornado-8891 (exit status 1; not expected)
2015-08-07 15:26:36,026 INFO gave up: tornado-8891 entered FATAL state, too many start retries too quickly
2015-08-07 15:26:36,026 INFO exited: tornado-8892 (exit status 1; not expected)
2015-08-07 15:26:37,027 INFO gave up: tornado-8892 entered FATAL state, too many start retries too quickly
